Filename                                                                             Regions    Missed Regions     Cover   Functions  Missed Functions  Executed       Lines      Missed Lines     Cover    Branches   Missed Branches     Cover
------------------------------------------------------------------------------------------------------------------------------------------------------------------------------------------------------------------------------------------------
.build/arm64-apple-macosx/debug/TailwindSwiftUIPackageTests.derived/runner.swift           9                 1    88.89%           2                 0   100.00%          17                 3    82.35%           0                 0         -
Sources/TailwindLinter/Validation/TailwindClassCatalog.swift                              30                 0   100.00%           5                 0   100.00%          25                 0   100.00%           0                 0         -
Sources/TailwindLinter/Validation/TailwindClassParsing.swift                              20                 0   100.00%           5                 0   100.00%          36                 0   100.00%           0                 0         -
Sources/TailwindLinter/Validation/TailwindColorVariableValidation.swift                   59                24    59.32%          11                 2    81.82%          77                19    75.32%           0                 0         -
Sources/TailwindLinter/Validation/TailwindConflictValidation.swift                       166                37    77.71%          19                 3    84.21%         179                22    87.71%           0                 0         -
Sources/TailwindLinter/Validation/TailwindValidationMessages.swift                         8                 3    62.50%           8                 3    62.50%          24                 9    62.50%           0                 0         -
Sources/TailwindLinter/Validation/TailwindVariantValidation.swift                         20                 2    90.00%           4                 0   100.00%          24                 0   100.00%           0                 0         -
Sources/TailwindMacros/Plugin.swift                                                        1                 1     0.00%           1                 1     0.00%           3                 3     0.00%           0                 0         -
Sources/TailwindMacros/TailwindClassesMacro.swift                                         68                23    66.18%           8                 1    87.50%         164                46    71.95%           0                 0         -
Sources/TailwindSwiftUI/Core/Logger.swift                                                 19                12    36.84%          11                 6    45.45%          35                19    45.71%           0                 0         -
Sources/TailwindSwiftUI/Core/TailwindMacro.swift                                           1                 1     0.00%           1                 1     0.00%           3                 3     0.00%           0                 0         -
Sources/TailwindSwiftUI/Core/TailwindRuntime.swift                                       525               427    18.67%         237               198    16.46%        1111               834    24.93%           0                 0         -
Sources/TailwindSwiftUI/Core/TailwindValidation.swift                                     86                20    76.74%          55                13    76.36%         143                21    85.31%           0                 0         -
Sources/TailwindSwiftUI/Core/TailwindVariantState.swift                                   34                34     0.00%          32                32     0.00%          81                81     0.00%           0                 0         -
Sources/TailwindSwiftUI/LayoutViews/TWButton.swift                                         5                 5     0.00%           5                 5     0.00%          18                18     0.00%           0                 0         -
Sources/TailwindSwiftUI/LayoutViews/TWOverflowScrollContainer.swift                        9                 9     0.00%           4                 4     0.00%          13                13     0.00%           0                 0         -
Sources/TailwindSwiftUI/LayoutViews/TWView.swift                                           2                 2     0.00%           2                 2     0.00%           6                 6     0.00%           0                 0         -
Sources/TailwindSwiftUI/LayoutViews/TWViewLayout.swift                                     3                 3     0.00%           3                 3     0.00%           7                 7     0.00%           0                 0         -
Sources/TailwindSwiftUI/Parser/TailwindParser+Accessibility.swift                         22                22     0.00%           1                 1     0.00%          35                35     0.00%           0                 0         -
Sources/TailwindSwiftUI/Parser/TailwindParser+ArbitraryValues.swift                      266               266     0.00%          12                12     0.00%         212               212     0.00%           0                 0         -
Sources/TailwindSwiftUI/Parser/TailwindParser+Border.swift                               126               126     0.00%          12                12     0.00%         159               159     0.00%           0                 0         -
Sources/TailwindSwiftUI/Parser/TailwindParser+Colors.swift                                91                91     0.00%           7                 7     0.00%         134               134     0.00%           0                 0         -
Sources/TailwindSwiftUI/Parser/TailwindParser+Effects.swift                              215               215     0.00%          24                24     0.00%         318               318     0.00%           0                 0         -
Sources/TailwindSwiftUI/Parser/TailwindParser+Interactivity.swift                         92                92     0.00%          27                27     0.00%         143               143     0.00%           0                 0         -
Sources/TailwindSwiftUI/Parser/TailwindParser+Layout.swift                               289               289     0.00%          27                27     0.00%         427               427     0.00%           0                 0         -
Sources/TailwindSwiftUI/Parser/TailwindParser+Sizing.swift                               164               164     0.00%           5                 5     0.00%         221               221     0.00%           0                 0         -
Sources/TailwindSwiftUI/Parser/TailwindParser+Spacing.swift                              180               180     0.00%          19                19     0.00%         217               217     0.00%           0                 0         -
Sources/TailwindSwiftUI/Parser/TailwindParser+Transform.swift                             77                77     0.00%           3                 3     0.00%         110               110     0.00%           0                 0         -
Sources/TailwindSwiftUI/Parser/TailwindParser+Typography.swift                           165               165     0.00%           1                 1     0.00%         217               217     0.00%           0                 0         -
Sources/TailwindSwiftUI/Parser/TailwindParser.swift                                      650               568    12.62%         208               150    27.88%        1025               886    13.56%           0                 0         -
Sources/TailwindSwiftUI/Presets/Colors.swift                                               1                 0   100.00%           1                 0   100.00%           9                 0   100.00%           0                 0         -
Sources/TailwindSwiftUI/Presets/Spacing.swift                                             72                57    20.83%           2                 0   100.00%          75                 0   100.00%           0                 0         -
Sources/TailwindSwiftUI/Presets/TailwindDefaultTheme.swift                                33                33     0.00%           1                 1     0.00%         174               174     0.00%           0                 0         -
Sources/TailwindSwiftUI/Presets/Utils/ColorPalette.swift                                   5                 5     0.00%           3                 3     0.00%          10                10     0.00%           0                 0         -
Sources/TailwindSwiftUI/Presets/Utils/TailwindColorResolver.swift                        113               113     0.00%          13                13     0.00%         193               193     0.00%           0                 0         -
Sources/TailwindSwiftUI/Utils/Colors/Color+Hex.swift                                       9                 3    66.67%           3                 0   100.00%          24                 0   100.00%           0                 0         -
Sources/TailwindSwiftUI/Utils/Colors/Color+OKLCH.swift                                    64                64     0.00%          13                13     0.00%         115               115     0.00%           0                 0         -
Sources/TailwindSwiftUI/Utils/Colors/ColorExtensions.swift                                 8                 8     0.00%           8                 8     0.00%          28                28     0.00%           0                 0         -
Sources/TailwindSwiftUI/Utils/Colors/ColorMatrix.swift                                     2                 2     0.00%           2                 2     0.00%           6                 6     0.00%           0                 0         -
Sources/TailwindSwiftUI/Utils/Colors/Lab.swift                                            13                13     0.00%           7                 7     0.00%          36                36     0.00%           0                 0         -
Sources/TailwindSwiftUI/Utils/Colors/Lch.swift                                             8                 8     0.00%           8                 8     0.00%          22                22     0.00%           0                 0         -
Sources/TailwindSwiftUI/Utils/Colors/Oklab.swift                                           7                 7     0.00%           7                 7     0.00%          29                29     0.00%           0                 0         -
Sources/TailwindSwiftUI/Utils/Colors/Oklch.swift                                           8                 8     0.00%           8                 8     0.00%          22                22     0.00%           0                 0         -
Sources/TailwindSwiftUI/Utils/Colors/P3.swift                                             12                12     0.00%           7                 7     0.00%          21                21     0.00%           0                 0         -
Sources/TailwindSwiftUI/Utils/Colors/XYZ.swift                                             6                 6     0.00%           6                 6     0.00%          19                19     0.00%           0                 0         -
Sources/TailwindSwiftUI/Utils/Extensions/LinearGradient+Extensions.swift                  37                37     0.00%           9                 9     0.00%         109               109     0.00%           0                 0         -
Sources/TailwindSwiftUI/Utils/Extensions/Shape+Tailwind.swift                             69                67     2.90%          19                17    10.53%         172               166     3.49%           0                 0         -
Sources/TailwindSwiftUI/Utils/Extensions/View+AdvancedUtilities.swift                     80                80     0.00%          71                71     0.00%         186               186     0.00%           0                 0         -
Sources/TailwindSwiftUI/Utils/Extensions/View+BorderBackgroundUtilities.swift             56                56     0.00%          56                56     0.00%         182               182     0.00%           0                 0         -
Sources/TailwindSwiftUI/Utils/Extensions/View+DisplayUtilities.swift                      45                45     0.00%          39                39     0.00%          89                89     0.00%           0                 0         -
Sources/TailwindSwiftUI/Utils/Extensions/View+GridFlexUtilities.swift                     59                59     0.00%          49                49     0.00%         123               123     0.00%           0                 0         -
Sources/TailwindSwiftUI/Utils/Extensions/View+StaticUtilities.swift                      114               114     0.00%         114               114     0.00%         120               120     0.00%           0                 0         -
Sources/TailwindSwiftUI/Utils/Extensions/View+TailwindModifiers.swift                    134               115    14.18%          71                69     2.82%         297               272     8.42%           0                 0         -
Sources/TailwindSwiftUI/Utils/Extensions/View+TransformEffects.swift                      60                60     0.00%          51                51     0.00%         112               112     0.00%           0                 0         -
Sources/TailwindSwiftUI/Utils/TWStack.swift                                               18                17     5.56%          10                 9    10.00%          39                34    12.82%           0                 0         -
Sources/TailwindSwiftUI/Utils/TailwindNativeWindCompatNoOp.swift                         113               113     0.00%           6                 6     0.00%          74                74     0.00%           0                 0         -
Sources/TailwindSwiftUI/Utils/TailwindNativeWindParity.swift                              48                48     0.00%          14                14     0.00%          86                86     0.00%           0                 0         -
Sources/TailwindSwiftUI/Utils/TailwindPositionEnvironment.swift                            2                 2     0.00%           2                 2     0.00%           2                 2     0.00%           0                 0         -
Sources/TailwindSwiftUI/Utils/TailwindShapePaintEnvironment.swift                          6                 6     0.00%           6                 6     0.00%           6                 6     0.00%           0                 0         -
Tests/TailwindLinterTests/Validation/TailwindClassCatalogTests.swift                       3                 0   100.00%           3                 0   100.00%          18                 0   100.00%           0                 0         -
Tests/TailwindLinterTests/Validation/TailwindClassParsingTests.swift                       2                 0   100.00%           2                 0   100.00%          11                 0   100.00%           0                 0         -
Tests/TailwindLinterTests/Validation/TailwindColorVariableValidationTests.swift            3                 0   100.00%           3                 0   100.00%          14                 0   100.00%           0                 0         -
Tests/TailwindLinterTests/Validation/TailwindConflictValidationTests.swift                 3                 0   100.00%           3                 0   100.00%          15                 0   100.00%           0                 0         -
Tests/TailwindLinterTests/Validation/TailwindValidationMessagesTests.swift                 3                 0   100.00%           3                 0   100.00%          14                 0   100.00%           0                 0         -
Tests/TailwindLinterTests/Validation/TailwindVariantValidationTests.swift                  3                 0   100.00%           3                 0   100.00%          15                 0   100.00%           0                 0         -
Tests/TailwindMacroTests/Expansion/TailwindMacroExpansionTests.swift                      37                 0   100.00%          37                 0   100.00%         313                 0   100.00%           0                 0         -
Tests/TailwindSwiftUITests/Core/TailwindValidationTests.swift                              9                 0   100.00%           5                 0   100.00%          29                 0   100.00%           0                 0         -
Tests/TailwindSwiftUITests/Integration/RuntimeInitializationTests.swift                    1                 0   100.00%           1                 0   100.00%          14                 0   100.00%           0                 0         -
Tests/TailwindSwiftUITests/LayoutViews/TWStackTests.swift                                  4                 0   100.00%           4                 0   100.00%          20                 0   100.00%           0                 0         -
Tests/TailwindSwiftUITests/Parser/TailwindParserUnitTests.swift                            3                 0   100.00%           3                 0   100.00%          11                 0   100.00%           0                 0         -
Tests/TailwindSwiftUITests/Presets/ColorPresetTests.swift                                  3                 0   100.00%           3                 0   100.00%          20                 0   100.00%           0                 0         -
Tests/TailwindSwiftUITests/Presets/SpacingPresetTests.swift                                2                 0   100.00%           2                 0   100.00%          15                 0   100.00%           0                 0         -
Tests/TailwindSwiftUITests/Utils/RadiusShadowTests.swift                                   2                 0   100.00%           2                 0   100.00%          19                 0   100.00%           0                 0         -
------------------------------------------------------------------------------------------------------------------------------------------------------------------------------------------------------------------------------------------------
TOTAL                                                                                   4682              4017    14.20%        1439              1157    19.60%        8092              6419    20.67%           0                 0         -
